<?xml version="1.0" encoding="UTF-8"?>
<!-- Generated by org.testng.reporters.JUnitReportReporter -->
<testsuite skipped="0" hostname="DESKTOP-MMJC98U" name="com.crm.qa.testpage.HomePageTest" tests="7" failures="0" timestamp="17 Jul 2019 17:10:46 GMT" time="182.398" errors="0">
  <testcase name="verifytilteTest" time="22.309" classname="com.crm.qa.testpage.HomePageTest"/>
  <testcase name="verifyUserLableTest" time="23.861" classname="com.crm.qa.testpage.HomePageTest"/>
  <testcase name="clickonContactsPageTest" time="24.733" classname="com.crm.qa.testpage.HomePageTest"/>
  <testcase name="clickonDealsPageTest" time="32.749" classname="com.crm.qa.testpage.HomePageTest"/>
  <testcase name="clickonCasesPageTest" time="26.599" classname="com.crm.qa.testpage.HomePageTest"/>
  <testcase name="clickonEmailPageTest" time="26.239" classname="com.crm.qa.testpage.HomePageTest"/>
  <testcase name="clickonCallPageTest" time="25.908" classname="com.crm.qa.testpage.HomePageTest"/>
</testsuite> <!-- com.crm.qa.testpage.HomePageTest -->
