<?xml version="1.0" encoding="UTF-8"?>
<!-- Generated by org.testng.reporters.JUnitReportReporter -->
<testsuite skipped="0" hostname="DESKTOP-MMJC98U" name="com.crm.qa.testpage.ContactsPageTest" tests="2" failures="0" timestamp="17 Jul 2019 18:25:37 GMT" time="55.111" errors="0">
  <testcase name="verifyContactLabelTest" time="28.549" classname="com.crm.qa.testpage.ContactsPageTest"/>
  <testcase name="selectContactsByNameTest" time="26.562" classname="com.crm.qa.testpage.ContactsPageTest"/>
</testsuite> <!-- com.crm.qa.testpage.ContactsPageTest -->
